<?xml version="1.0" encoding="UTF-8"?>
<testsuite xmlns:xsi="http://www.w3.org/2001/XMLSchema-instance" xsi:noNamespaceSchemaLocation="https://maven.apache.org/surefire/maven-surefire-plugin/xsd/surefire-test-report-3.0.xsd" version="3.0" name="com.tn.softsys.blocoperatoire.UserSecurityTest" time="11.06" tests="4" errors="0" skipped="0" failures="0">
  <properties>
[...]
</properties>
  <testcase name="shouldReturn401_whenNoToken" classname="com.tn.softsys.blocoperatoire.UserSecurityTest" time="0.61">
    <system-out><![CDATA[15:08:04.708 [main] INFO org.springframework.test.context.support.AnnotationConfigContextLoaderUtils -- Could not detect default configuration classes for test class [com.tn.softsys.blocoperatoire.UserSecurityTest]: UserSecurityTest does not declare any static, non-private, non-final, nested classes annotated with @Configuration.
15:08:04.837 [main] INFO org.springframework.boot.test.context.SpringBootTestContextBootstrapper -- Found @SpringBootConfiguration com.tn.softsys.blocoperatoire.BlocOperatoireApplication for test class com.tn.softsys.blocoperatoire.UserSecurityTest

  .   ____          _            __ _ _
 /\\ / ___'_ __ _ _(_)_ __  __ _ \ \ \ \
( ( )\___ | '_ | '_| | '_ \/ _` | \ \ \ \
 \\/  ___)| |_)| | | | | || (_| |  ) ) ) )
  '  |____| .__|_| |_|_| |_\__, | / / / /
 =========|_|==============|___/=/_/_/_/

 :: Spring Boot ::                (v3.3.2)

2026-02-19T15:08:05.250+01:00 [main] INFO  c.t.s.b.UserSecurityTest - Starting UserSecurityTest using Java 21.0.8 with PID 8928 (started by 2026 in C:\Users\2026\IdeaProjects\BlocOperatoire_Backend)
2026-02-19T15:08:05.251+01:00 [main] INFO  c.t.s.b.UserSecurityTest - No active profile set, falling back to 1 default profile: "default"
2026-02-19T15:08:06.357+01:00 [main] INFO  o.s.d.r.c.RepositoryConfigurationDelegate - Bootstrapping Spring Data JPA repositories in DEFAULT mode.
2026-02-19T15:08:06.497+01:00 [main] INFO  o.s.d.r.c.RepositoryConfigurationDelegate - Finished Spring Data repository scanning in 132 ms. Found 19 JPA repository interfaces.
2026-02-19T15:08:07.465+01:00 [main] INFO  o.h.jpa.internal.util.LogHelper - HHH000204: Processing PersistenceUnitInfo [name: default]
2026-02-19T15:08:07.653+01:00 [main] INFO  org.hibernate.Version - HHH000412: Hibernate ORM core version 6.5.2.Final
2026-02-19T15:08:07.758+01:00 [main] INFO  o.h.c.i.RegionFactoryInitiator - HHH000026: Second-level cache disabled
2026-02-19T15:08:08.155+01:00 [main] INFO  o.s.o.j.p.SpringPersistenceUnitInfo - No LoadTimeWeaver setup: ignoring JPA class transformer
2026-02-19T15:08:08.177+01:00 [main] INFO  com.zaxxer.hikari.HikariDataSource - HikariPool-1 - Starting...
2026-02-19T15:08:08.525+01:00 [main] INFO  com.zaxxer.hikari.pool.HikariPool - HikariPool-1 - Added connection org.postgresql.jdbc.PgConnection@6edd4fe2
2026-02-19T15:08:08.526+01:00 [main] INFO  com.zaxxer.hikari.HikariDataSource - HikariPool-1 - Start completed.
2026-02-19T15:08:10.093+01:00 [main] INFO  o.h.e.t.j.p.i.JtaPlatformInitiator - HHH000489: No JTA platform available (set 'hibernate.transaction.jta.platform' to enable JTA platform integration)
Hibernate: 
    alter table if exists fhir_resources 
       alter column contenu_json set data type TEXT
2026-02-19T15:08:10.441+01:00 [main] INFO  o.s.o.j.LocalContainerEntityManagerFactoryBean - Initialized JPA EntityManagerFactory for persistence unit 'default'
2026-02-19T15:08:11.202+01:00 [main] INFO  o.s.s.c.a.a.c.InitializeAuthenticationProviderBeanManagerConfigurer$InitializeAuthenticationProviderManagerConfigurer - Global AuthenticationManager configured with AuthenticationProvider bean with name daoAuthenticationProvider
2026-02-19T15:08:11.204+01:00 [main] WARN  o.s.s.c.a.a.c.InitializeUserDetailsBeanManagerConfigurer$InitializeUserDetailsManagerConfigurer - Global AuthenticationManager configured with an AuthenticationProvider bean. UserDetailsService beans will not be used for username/password login. Consider removing the AuthenticationProvider bean. Alternatively, consider using the UserDetailsService in a manually instantiated DaoAuthenticationProvider.
2026-02-19T15:08:12.860+01:00 [main] INFO  o.s.b.a.e.web.EndpointLinksResolver - Exposing 3 endpoints beneath base path '/actuator'
2026-02-19T15:08:13.752+01:00 [main] DEBUG c.t.s.b.s.JwtAuthenticationFilter - Filter 'jwtAuthenticationFilter' configured for use
2026-02-19T15:08:13.752+01:00 [main] DEBUG c.t.s.b.security.RateLimitFilter - Filter 'rateLimitFilter' configured for use
2026-02-19T15:08:13.754+01:00 [main] INFO  o.s.b.t.m.w.SpringBootMockServletContext - Initializing Spring TestDispatcherServlet ''
2026-02-19T15:08:13.754+01:00 [main] INFO  o.s.t.w.s.TestDispatcherServlet - Initializing Servlet ''
2026-02-19T15:08:13.755+01:00 [main] INFO  o.s.t.w.s.TestDispatcherServlet - Completed initialization in 1 ms
2026-02-19T15:08:13.818+01:00 [main] INFO  c.t.s.b.UserSecurityTest - Started UserSecurityTest in 8.822 seconds (process running for 9.885)
2026-02-19T15:08:13.908+01:00 [main] INFO  c.t.s.b.config.DataInitializer - === DataInitializer started ===
Hibernate: 
    select
        r1_0.role_id,
        r1_0.created_at,
        r1_0.description,
        r1_0.nom,
        r1_0.updated_at 
    from
        roles r1_0 
    where
        r1_0.nom=?
Hibernate: 
    select
        p1_0.role_id,
        p1_1.permission_id,
        p1_1.code,
        p1_1.created_at,
        p1_1.description,
        p1_1.updated_at 
    from
        role_permissions p1_0 
    join
        permissions p1_1 
            on p1_1.permission_id=p1_0.permission_id 
    where
        p1_0.role_id=?
Hibernate: 
    select
        r1_0.role_id,
        r1_0.created_at,
        r1_0.description,
        r1_0.nom,
        r1_0.updated_at 
    from
        roles r1_0 
    where
        r1_0.nom=?
Hibernate: 
    select
        p1_0.role_id,
        p1_1.permission_id,
        p1_1.code,
        p1_1.created_at,
        p1_1.description,
        p1_1.updated_at 
    from
        role_permissions p1_0 
    join
        permissions p1_1 
            on p1_1.permission_id=p1_0.permission_id 
    where
        p1_0.role_id=?
Hibernate: 
    select
        r1_0.role_id,
        r1_0.created_at,
        r1_0.description,
        r1_0.nom,
        r1_0.updated_at 
    from
        roles r1_0 
    where
        r1_0.nom=?
Hibernate: 
    select
        p1_0.role_id,
        p1_1.permission_id,
        p1_1.code,
        p1_1.created_at,
        p1_1.description,
        p1_1.updated_at 
    from
        role_permissions p1_0 
    join
        permissions p1_1 
            on p1_1.permission_id=p1_0.permission_id 
    where
        p1_0.role_id=?
2026-02-19T15:08:14.164+01:00 [main] INFO  c.t.s.b.config.DataInitializer - Roles initialized.
Hibernate: 
    select
        u1_0.user_id 
    from
        users u1_0 
    where
        u1_0.email=? 
    fetch
        first ? rows only
2026-02-19T15:08:14.169+01:00 [main] INFO  c.t.s.b.config.DataInitializer - Admin user already exists.
2026-02-19T15:08:14.170+01:00 [main] INFO  c.t.s.b.config.DataInitializer - === DataInitializer completed ===
Hibernate: 
    select
        r1_0.role_id,
        r1_0.created_at,
        r1_0.description,
        r1_0.nom,
        r1_0.updated_at 
    from
        roles r1_0 
    where
        r1_0.nom=?
Hibernate: 
    select
        p1_0.role_id,
        p1_1.permission_id,
        p1_1.code,
        p1_1.created_at,
        p1_1.description,
        p1_1.updated_at 
    from
        role_permissions p1_0 
    join
        permissions p1_1 
            on p1_1.permission_id=p1_0.permission_id 
    where
        p1_0.role_id=?
Hibernate: 
    select
        r1_0.role_id,
        r1_0.created_at,
        r1_0.description,
        r1_0.nom,
        r1_0.updated_at 
    from
        roles r1_0 
    where
        r1_0.nom=?
Hibernate: 
    select
        p1_0.role_id,
        p1_1.permission_id,
        p1_1.code,
        p1_1.created_at,
        p1_1.description,
        p1_1.updated_at 
    from
        role_permissions p1_0 
    join
        permissions p1_1 
            on p1_1.permission_id=p1_0.permission_id 
    where
        p1_0.role_id=?
Hibernate: 
    select
        u1_0.user_id 
    from
        users u1_0 
    where
        u1_0.email=? 
    fetch
        first ? rows only
Hibernate: 
    select
        u1_0.user_id,
        u1_0.account_non_locked,
        u1_0.created_at,
        u1_0.email,
        u1_0.enabled,
        u1_0.failed_attempts,
        u1_0.mfa_enabled,
        u1_0.mfa_secret,
        u1_0.nom,
        u1_0.password,
        u1_0.prenom,
        u1_0.updated_at 
    from
        users u1_0 
    where
        u1_0.email=?
Hibernate: 
    select
        r1_0.user_id,
        r1_1.role_id,
        r1_1.created_at,
        r1_1.description,
        r1_1.nom,
        p1_0.role_id,
        p1_1.permission_id,
        p1_1.code,
        p1_1.created_at,
        p1_1.description,
        p1_1.updated_at,
        r1_1.updated_at 
    from
        user_roles r1_0 
    join
        roles r1_1 
            on r1_1.role_id=r1_0.role_id 
    left join
        role_permissions p1_0 
            on r1_1.role_id=p1_0.role_id 
    left join
        permissions p1_1 
            on p1_1.permission_id=p1_0.permission_id 
    where
        r1_0.user_id=?
Hibernate: 
    select
        u1_0.user_id,
        u1_0.account_non_locked,
        u1_0.created_at,
        u1_0.email,
        u1_0.enabled,
        u1_0.failed_attempts,
        u1_0.mfa_enabled,
        u1_0.mfa_secret,
        u1_0.nom,
        u1_0.password,
        u1_0.prenom,
        u1_0.updated_at 
    from
        users u1_0 
    where
        u1_0.email=?
Hibernate: 
    select
        r1_0.user_id,
        r1_1.role_id,
        r1_1.created_at,
        r1_1.description,
        r1_1.nom,
        p1_0.role_id,
        p1_1.permission_id,
        p1_1.code,
        p1_1.created_at,
        p1_1.description,
        p1_1.updated_at,
        r1_1.updated_at 
    from
        user_roles r1_0 
    join
        roles r1_1 
            on r1_1.role_id=r1_0.role_id 
    left join
        role_permissions p1_0 
            on r1_1.role_id=p1_0.role_id 
    left join
        permissions p1_1 
            on p1_1.permission_id=p1_0.permission_id 
    where
        r1_0.user_id=?
]]></system-out>
    <system-err><![CDATA[WARNING: A Java agent has been loaded dynamically (D:\Dev\SPRING\outils\depot_local\net\bytebuddy\byte-buddy-agent\1.14.18\byte-buddy-agent-1.14.18.jar)
WARNING: If a serviceability tool is in use, please run with -XX:+EnableDynamicAgentLoading to hide this warning
WARNING: If a serviceability tool is not in use, please run with -Djdk.instrument.traceUsage for more information
WARNING: Dynamic loading of agents will be disallowed by default in a future release
]]></system-err>
  </testcase>
  <testcase name="shouldReturn403_whenUserNotAdmin" classname="com.tn.softsys.blocoperatoire.UserSecurityTest" time="0.106">
    <system-out><![CDATA[Hibernate: 
    select
        r1_0.role_id,
        r1_0.created_at,
        r1_0.description,
        r1_0.nom,
        r1_0.updated_at 
    from
        roles r1_0 
    where
        r1_0.nom=?
Hibernate: 
    select
        p1_0.role_id,
        p1_1.permission_id,
        p1_1.code,
        p1_1.created_at,
        p1_1.description,
        p1_1.updated_at 
    from
        role_permissions p1_0 
    join
        permissions p1_1 
            on p1_1.permission_id=p1_0.permission_id 
    where
        p1_0.role_id=?
Hibernate: 
    select
        r1_0.role_id,
        r1_0.created_at,
        r1_0.description,
        r1_0.nom,
        r1_0.updated_at 
    from
        roles r1_0 
    where
        r1_0.nom=?
Hibernate: 
    select
        p1_0.role_id,
        p1_1.permission_id,
        p1_1.code,
        p1_1.created_at,
        p1_1.description,
        p1_1.updated_at 
    from
        role_permissions p1_0 
    join
        permissions p1_1 
            on p1_1.permission_id=p1_0.permission_id 
    where
        p1_0.role_id=?
Hibernate: 
    select
        u1_0.user_id 
    from
        users u1_0 
    where
        u1_0.email=? 
    fetch
        first ? rows only
Hibernate: 
    select
        u1_0.user_id,
        u1_0.account_non_locked,
        u1_0.created_at,
        u1_0.email,
        u1_0.enabled,
        u1_0.failed_attempts,
        u1_0.mfa_enabled,
        u1_0.mfa_secret,
        u1_0.nom,
        u1_0.password,
        u1_0.prenom,
        u1_0.updated_at 
    from
        users u1_0 
    where
        u1_0.email=?
Hibernate: 
    select
        r1_0.user_id,
        r1_1.role_id,
        r1_1.created_at,
        r1_1.description,
        r1_1.nom,
        p1_0.role_id,
        p1_1.permission_id,
        p1_1.code,
        p1_1.created_at,
        p1_1.description,
        p1_1.updated_at,
        r1_1.updated_at 
    from
        user_roles r1_0 
    join
        roles r1_1 
            on r1_1.role_id=r1_0.role_id 
    left join
        role_permissions p1_0 
            on r1_1.role_id=p1_0.role_id 
    left join
        permissions p1_1 
            on p1_1.permission_id=p1_0.permission_id 
    where
        r1_0.user_id=?
Hibernate: 
    select
        u1_0.user_id,
        u1_0.account_non_locked,
        u1_0.created_at,
        u1_0.email,
        u1_0.enabled,
        u1_0.failed_attempts,
        u1_0.mfa_enabled,
        u1_0.mfa_secret,
        u1_0.nom,
        u1_0.password,
        u1_0.prenom,
        u1_0.updated_at 
    from
        users u1_0 
    where
        u1_0.email=?
Hibernate: 
    select
        r1_0.user_id,
        r1_1.role_id,
        r1_1.created_at,
        r1_1.description,
        r1_1.nom,
        p1_0.role_id,
        p1_1.permission_id,
        p1_1.code,
        p1_1.created_at,
        p1_1.description,
        p1_1.updated_at,
        r1_1.updated_at 
    from
        user_roles r1_0 
    join
        roles r1_1 
            on r1_1.role_id=r1_0.role_id 
    left join
        role_permissions p1_0 
            on r1_1.role_id=p1_0.role_id 
    left join
        permissions p1_1 
            on p1_1.permission_id=p1_0.permission_id 
    where
        r1_0.user_id=?
Hibernate: 
    select
        u1_0.user_id,
        u1_0.account_non_locked,
        u1_0.created_at,
        u1_0.email,
        u1_0.enabled,
        u1_0.failed_attempts,
        u1_0.mfa_enabled,
        u1_0.mfa_secret,
        u1_0.nom,
        u1_0.password,
        u1_0.prenom,
        u1_0.updated_at 
    from
        users u1_0 
    where
        u1_0.email=?
Hibernate: 
    select
        r1_0.user_id,
        r1_1.role_id,
        r1_1.created_at,
        r1_1.description,
        r1_1.nom,
        p1_0.role_id,
        p1_1.permission_id,
        p1_1.code,
        p1_1.created_at,
        p1_1.description,
        p1_1.updated_at,
        r1_1.updated_at 
    from
        user_roles r1_0 
    join
        roles r1_1 
            on r1_1.role_id=r1_0.role_id 
    left join
        role_permissions p1_0 
            on r1_1.role_id=p1_0.role_id 
    left join
        permissions p1_1 
            on p1_1.permission_id=p1_0.permission_id 
    where
        r1_0.user_id=?
2026-02-19T15:08:14.848+01:00 [main] DEBUG c.t.s.b.s.JwtAuthenticationFilter - JWT authenticated user: user@test.com
]]></system-out>
  </testcase>
  <testcase name="shouldReturn429_afterTooManyLoginAttempts" classname="com.tn.softsys.blocoperatoire.UserSecurityTest" time="0.614">
    <system-out><![CDATA[Hibernate: 
    select
        r1_0.role_id,
        r1_0.created_at,
        r1_0.description,
        r1_0.nom,
        r1_0.updated_at 
    from
        roles r1_0 
    where
        r1_0.nom=?
Hibernate: 
    select
        p1_0.role_id,
        p1_1.permission_id,
        p1_1.code,
        p1_1.created_at,
        p1_1.description,
        p1_1.updated_at 
    from
        role_permissions p1_0 
    join
        permissions p1_1 
            on p1_1.permission_id=p1_0.permission_id 
    where
        p1_0.role_id=?
Hibernate: 
    select
        r1_0.role_id,
        r1_0.created_at,
        r1_0.description,
        r1_0.nom,
        r1_0.updated_at 
    from
        roles r1_0 
    where
        r1_0.nom=?
Hibernate: 
    select
        p1_0.role_id,
        p1_1.permission_id,
        p1_1.code,
        p1_1.created_at,
        p1_1.description,
        p1_1.updated_at 
    from
        role_permissions p1_0 
    join
        permissions p1_1 
            on p1_1.permission_id=p1_0.permission_id 
    where
        p1_0.role_id=?
Hibernate: 
    select
        u1_0.user_id 
    from
        users u1_0 
    where
        u1_0.email=? 
    fetch
        first ? rows only
Hibernate: 
    select
        u1_0.user_id,
        u1_0.account_non_locked,
        u1_0.created_at,
        u1_0.email,
        u1_0.enabled,
        u1_0.failed_attempts,
        u1_0.mfa_enabled,
        u1_0.mfa_secret,
        u1_0.nom,
        u1_0.password,
        u1_0.prenom,
        u1_0.updated_at 
    from
        users u1_0 
    where
        u1_0.email=?
Hibernate: 
    select
        r1_0.user_id,
        r1_1.role_id,
        r1_1.created_at,
        r1_1.description,
        r1_1.nom,
        p1_0.role_id,
        p1_1.permission_id,
        p1_1.code,
        p1_1.created_at,
        p1_1.description,
        p1_1.updated_at,
        r1_1.updated_at 
    from
        user_roles r1_0 
    join
        roles r1_1 
            on r1_1.role_id=r1_0.role_id 
    left join
        role_permissions p1_0 
            on r1_1.role_id=p1_0.role_id 
    left join
        permissions p1_1 
            on p1_1.permission_id=p1_0.permission_id 
    where
        r1_0.user_id=?
Hibernate: 
    select
        u1_0.user_id,
        u1_0.account_non_locked,
        u1_0.created_at,
        u1_0.email,
        u1_0.enabled,
        u1_0.failed_attempts,
        u1_0.mfa_enabled,
        u1_0.mfa_secret,
        u1_0.nom,
        u1_0.password,
        u1_0.prenom,
        u1_0.updated_at 
    from
        users u1_0 
    where
        u1_0.email=?
Hibernate: 
    select
        r1_0.user_id,
        r1_1.role_id,
        r1_1.created_at,
        r1_1.description,
        r1_1.nom,
        p1_0.role_id,
        p1_1.permission_id,
        p1_1.code,
        p1_1.created_at,
        p1_1.description,
        p1_1.updated_at,
        r1_1.updated_at 
    from
        user_roles r1_0 
    join
        roles r1_1 
            on r1_1.role_id=r1_0.role_id 
    left join
        role_permissions p1_0 
            on r1_1.role_id=p1_0.role_id 
    left join
        permissions p1_1 
            on p1_1.permission_id=p1_0.permission_id 
    where
        r1_0.user_id=?
Hibernate: 
    select
        u1_0.user_id,
        u1_0.account_non_locked,
        u1_0.created_at,
        u1_0.email,
        u1_0.enabled,
        u1_0.failed_attempts,
        u1_0.mfa_enabled,
        u1_0.mfa_secret,
        u1_0.nom,
        u1_0.password,
        u1_0.prenom,
        u1_0.updated_at 
    from
        users u1_0 
    where
        u1_0.email=?
Hibernate: 
    select
        r1_0.user_id,
        r1_1.role_id,
        r1_1.created_at,
        r1_1.description,
        r1_1.nom,
        p1_0.role_id,
        p1_1.permission_id,
        p1_1.code,
        p1_1.created_at,
        p1_1.description,
        p1_1.updated_at,
        r1_1.updated_at 
    from
        user_roles r1_0 
    join
        roles r1_1 
            on r1_1.role_id=r1_0.role_id 
    left join
        role_permissions p1_0 
            on r1_1.role_id=p1_0.role_id 
    left join
        permissions p1_1 
            on p1_1.permission_id=p1_0.permission_id 
    where
        r1_0.user_id=?
Hibernate: 
    select
        u1_0.user_id,
        u1_0.account_non_locked,
        u1_0.created_at,
        u1_0.email,
        u1_0.enabled,
        u1_0.failed_attempts,
        u1_0.mfa_enabled,
        u1_0.mfa_secret,
        u1_0.nom,
        u1_0.password,
        u1_0.prenom,
        u1_0.updated_at 
    from
        users u1_0 
    where
        u1_0.email=?
Hibernate: 
    select
        r1_0.user_id,
        r1_1.role_id,
        r1_1.created_at,
        r1_1.description,
        r1_1.nom,
        p1_0.role_id,
        p1_1.permission_id,
        p1_1.code,
        p1_1.created_at,
        p1_1.description,
        p1_1.updated_at,
        r1_1.updated_at 
    from
        user_roles r1_0 
    join
        roles r1_1 
            on r1_1.role_id=r1_0.role_id 
    left join
        role_permissions p1_0 
            on r1_1.role_id=p1_0.role_id 
    left join
        permissions p1_1 
            on p1_1.permission_id=p1_0.permission_id 
    where
        r1_0.user_id=?
Hibernate: 
    select
        u1_0.user_id,
        u1_0.account_non_locked,
        u1_0.created_at,
        u1_0.email,
        u1_0.enabled,
        u1_0.failed_attempts,
        u1_0.mfa_enabled,
        u1_0.mfa_secret,
        u1_0.nom,
        u1_0.password,
        u1_0.prenom,
        u1_0.updated_at 
    from
        users u1_0 
    where
        u1_0.email=?
Hibernate: 
    select
        r1_0.user_id,
        r1_1.role_id,
        r1_1.created_at,
        r1_1.description,
        r1_1.nom,
        p1_0.role_id,
        p1_1.permission_id,
        p1_1.code,
        p1_1.created_at,
        p1_1.description,
        p1_1.updated_at,
        r1_1.updated_at 
    from
        user_roles r1_0 
    join
        roles r1_1 
            on r1_1.role_id=r1_0.role_id 
    left join
        role_permissions p1_0 
            on r1_1.role_id=p1_0.role_id 
    left join
        permissions p1_1 
            on p1_1.permission_id=p1_0.permission_id 
    where
        r1_0.user_id=?
Hibernate: 
    select
        u1_0.user_id,
        u1_0.account_non_locked,
        u1_0.created_at,
        u1_0.email,
        u1_0.enabled,
        u1_0.failed_attempts,
        u1_0.mfa_enabled,
        u1_0.mfa_secret,
        u1_0.nom,
        u1_0.password,
        u1_0.prenom,
        u1_0.updated_at 
    from
        users u1_0 
    where
        u1_0.email=?
Hibernate: 
    select
        r1_0.user_id,
        r1_1.role_id,
        r1_1.created_at,
        r1_1.description,
        r1_1.nom,
        p1_0.role_id,
        p1_1.permission_id,
        p1_1.code,
        p1_1.created_at,
        p1_1.description,
        p1_1.updated_at,
        r1_1.updated_at 
    from
        user_roles r1_0 
    join
        roles r1_1 
            on r1_1.role_id=r1_0.role_id 
    left join
        role_permissions p1_0 
            on r1_1.role_id=p1_0.role_id 
    left join
        permissions p1_1 
            on p1_1.permission_id=p1_0.permission_id 
    where
        r1_0.user_id=?
Hibernate: 
    select
        u1_0.user_id,
        u1_0.account_non_locked,
        u1_0.created_at,
        u1_0.email,
        u1_0.enabled,
        u1_0.failed_attempts,
        u1_0.mfa_enabled,
        u1_0.mfa_secret,
        u1_0.nom,
        u1_0.password,
        u1_0.prenom,
        u1_0.updated_at 
    from
        users u1_0 
    where
        u1_0.email=?
Hibernate: 
    select
        r1_0.user_id,
        r1_1.role_id,
        r1_1.created_at,
        r1_1.description,
        r1_1.nom,
        p1_0.role_id,
        p1_1.permission_id,
        p1_1.code,
        p1_1.created_at,
        p1_1.description,
        p1_1.updated_at,
        r1_1.updated_at 
    from
        user_roles r1_0 
    join
        roles r1_1 
            on r1_1.role_id=r1_0.role_id 
    left join
        role_permissions p1_0 
            on r1_1.role_id=p1_0.role_id 
    left join
        permissions p1_1 
            on p1_1.permission_id=p1_0.permission_id 
    where
        r1_0.user_id=?
]]></system-out>
  </testcase>
  <testcase name="shouldReturn200_whenAdminAccess" classname="com.tn.softsys.blocoperatoire.UserSecurityTest" time="0.06">
    <system-out><![CDATA[Hibernate: 
    select
        r1_0.role_id,
        r1_0.created_at,
        r1_0.description,
        r1_0.nom,
        r1_0.updated_at 
    from
        roles r1_0 
    where
        r1_0.nom=?
Hibernate: 
    select
        p1_0.role_id,
        p1_1.permission_id,
        p1_1.code,
        p1_1.created_at,
        p1_1.description,
        p1_1.updated_at 
    from
        role_permissions p1_0 
    join
        permissions p1_1 
            on p1_1.permission_id=p1_0.permission_id 
    where
        p1_0.role_id=?
Hibernate: 
    select
        r1_0.role_id,
        r1_0.created_at,
        r1_0.description,
        r1_0.nom,
        r1_0.updated_at 
    from
        roles r1_0 
    where
        r1_0.nom=?
Hibernate: 
    select
        p1_0.role_id,
        p1_1.permission_id,
        p1_1.code,
        p1_1.created_at,
        p1_1.description,
        p1_1.updated_at 
    from
        role_permissions p1_0 
    join
        permissions p1_1 
            on p1_1.permission_id=p1_0.permission_id 
    where
        p1_0.role_id=?
Hibernate: 
    select
        u1_0.user_id 
    from
        users u1_0 
    where
        u1_0.email=? 
    fetch
        first ? rows only
Hibernate: 
    select
        u1_0.user_id,
        u1_0.account_non_locked,
        u1_0.created_at,
        u1_0.email,
        u1_0.enabled,
        u1_0.failed_attempts,
        u1_0.mfa_enabled,
        u1_0.mfa_secret,
        u1_0.nom,
        u1_0.password,
        u1_0.prenom,
        u1_0.updated_at 
    from
        users u1_0 
    where
        u1_0.email=?
Hibernate: 
    select
        r1_0.user_id,
        r1_1.role_id,
        r1_1.created_at,
        r1_1.description,
        r1_1.nom,
        p1_0.role_id,
        p1_1.permission_id,
        p1_1.code,
        p1_1.created_at,
        p1_1.description,
        p1_1.updated_at,
        r1_1.updated_at 
    from
        user_roles r1_0 
    join
        roles r1_1 
            on r1_1.role_id=r1_0.role_id 
    left join
        role_permissions p1_0 
            on r1_1.role_id=p1_0.role_id 
    left join
        permissions p1_1 
            on p1_1.permission_id=p1_0.permission_id 
    where
        r1_0.user_id=?
Hibernate: 
    select
        u1_0.user_id,
        u1_0.account_non_locked,
        u1_0.created_at,
        u1_0.email,
        u1_0.enabled,
        u1_0.failed_attempts,
        u1_0.mfa_enabled,
        u1_0.mfa_secret,
        u1_0.nom,
        u1_0.password,
        u1_0.prenom,
        u1_0.updated_at 
    from
        users u1_0 
    where
        u1_0.email=?
Hibernate: 
    select
        r1_0.user_id,
        r1_1.role_id,
        r1_1.created_at,
        r1_1.description,
        r1_1.nom,
        p1_0.role_id,
        p1_1.permission_id,
        p1_1.code,
        p1_1.created_at,
        p1_1.description,
        p1_1.updated_at,
        r1_1.updated_at 
    from
        user_roles r1_0 
    join
        roles r1_1 
            on r1_1.role_id=r1_0.role_id 
    left join
        role_permissions p1_0 
            on r1_1.role_id=p1_0.role_id 
    left join
        permissions p1_1 
            on p1_1.permission_id=p1_0.permission_id 
    where
        r1_0.user_id=?
Hibernate: 
    select
        u1_0.user_id,
        u1_0.account_non_locked,
        u1_0.created_at,
        u1_0.email,
        u1_0.enabled,
        u1_0.failed_attempts,
        u1_0.mfa_enabled,
        u1_0.mfa_secret,
        u1_0.nom,
        u1_0.password,
        u1_0.prenom,
        u1_0.updated_at 
    from
        users u1_0 
    where
        u1_0.email=?
Hibernate: 
    select
        r1_0.user_id,
        r1_1.role_id,
        r1_1.created_at,
        r1_1.description,
        r1_1.nom,
        p1_0.role_id,
        p1_1.permission_id,
        p1_1.code,
        p1_1.created_at,
        p1_1.description,
        p1_1.updated_at,
        r1_1.updated_at 
    from
        user_roles r1_0 
    join
        roles r1_1 
            on r1_1.role_id=r1_0.role_id 
    left join
        role_permissions p1_0 
            on r1_1.role_id=p1_0.role_id 
    left join
        permissions p1_1 
            on p1_1.permission_id=p1_0.permission_id 
    where
        r1_0.user_id=?
2026-02-19T15:08:15.546+01:00 [main] DEBUG c.t.s.b.s.JwtAuthenticationFilter - JWT authenticated user: admin@bloc.com
Hibernate: 
    select
        u1_0.user_id,
        u1_0.account_non_locked,
        u1_0.created_at,
        u1_0.email,
        u1_0.enabled,
        u1_0.failed_attempts,
        u1_0.mfa_enabled,
        u1_0.mfa_secret,
        u1_0.nom,
        u1_0.password,
        u1_0.prenom,
        u1_0.updated_at 
    from
        users u1_0
Hibernate: 
    select
        r1_0.user_id,
        r1_1.role_id,
        r1_1.created_at,
        r1_1.description,
        r1_1.nom,
        p1_0.role_id,
        p1_1.permission_id,
        p1_1.code,
        p1_1.created_at,
        p1_1.description,
        p1_1.updated_at,
        r1_1.updated_at 
    from
        user_roles r1_0 
    join
        roles r1_1 
            on r1_1.role_id=r1_0.role_id 
    left join
        role_permissions p1_0 
            on r1_1.role_id=p1_0.role_id 
    left join
        permissions p1_1 
            on p1_1.permission_id=p1_0.permission_id 
    where
        r1_0.user_id=?
Hibernate: 
    select
        r1_0.user_id,
        r1_1.role_id,
        r1_1.created_at,
        r1_1.description,
        r1_1.nom,
        p1_0.role_id,
        p1_1.permission_id,
        p1_1.code,
        p1_1.created_at,
        p1_1.description,
        p1_1.updated_at,
        r1_1.updated_at 
    from
        user_roles r1_0 
    join
        roles r1_1 
            on r1_1.role_id=r1_0.role_id 
    left join
        role_permissions p1_0 
            on r1_1.role_id=p1_0.role_id 
    left join
        permissions p1_1 
            on p1_1.permission_id=p1_0.permission_id 
    where
        r1_0.user_id=?
]]></system-out>
  </testcase>
</testsuite>